Determining if the pthread_create exist failed with the following output:
Change Dir: /home/julio/Documentos/Ronald_Julio/googletest-master/build/CMakeFiles/CMakeTmp

Run Build Command:"/usr/bin/make" "cmTC_1e6d3/fast"
/usr/bin/make -f CMakeFiles/cmTC_1e6d3.dir/build.make CMakeFiles/cmTC_1e6d3.dir/build
make[1]: se entra en el directorio '/home/julio/Documentos/Ronald_Julio/googletest-master/build/CMakeFiles/CMakeTmp'
Building C object CMakeFiles/cmTC_1e6d3.dir/CheckSymbolExists.c.o
/usr/bin/cc     -o CMakeFiles/cmTC_1e6d3.dir/CheckSymbolExists.c.o   -c /home/julio/Documentos/Ronald_Julio/googletest-master/build/CMakeFiles/CMakeTmp/CheckSymbolExists.c
Linking C executable cmTC_1e6d3
/usr/bin/cmake -E cmake_link_script CMakeFiles/cmTC_1e6d3.dir/link.txt --verbose=1
/usr/bin/cc       CMakeFiles/cmTC_1e6d3.dir/CheckSymbolExists.c.o  -o cmTC_1e6d3 -rdynamic 
CMakeFiles/cmTC_1e6d3.dir/CheckSymbolExists.c.o: En la funci√≥n `main':
CheckSymbolExists.c:(.text+0x16): referencia a `pthread_create' sin definir
collect2: error: ld returned 1 exit status
CMakeFiles/cmTC_1e6d3.dir/build.make:97: fallo en las instrucciones para el objetivo 'cmTC_1e6d3'
make[1]: *** [cmTC_1e6d3] Error 1
make[1]: se sale del directorio '/home/julio/Documentos/Ronald_Julio/googletest-master/build/CMakeFiles/CMakeTmp'
Makefile:126: fallo en las instrucciones para el objetivo 'cmTC_1e6d3/fast'
make: *** [cmTC_1e6d3/fast] Error 2

File /home/julio/Documentos/Ronald_Julio/googletest-master/build/CMakeFiles/CMakeTmp/CheckSymbolExists.c:
/* */
#include <pthread.h>

int main(int argc, char** argv)
{
  (void)argv;
#ifndef pthread_create
  return ((int*)(&pthread_create))[argc];
#else
  (void)argc;
  return 0;
#endif
}

Determining if the function pthread_create exists in the pthreads failed with the following output:
Change Dir: /home/julio/Documentos/Ronald_Julio/googletest-master/build/CMakeFiles/CMakeTmp

Run Build Command:"/usr/bin/make" "cmTC_351d3/fast"
/usr/bin/make -f CMakeFiles/cmTC_351d3.dir/build.make CMakeFiles/cmTC_351d3.dir/build
make[1]: se entra en el directorio '/home/julio/Documentos/Ronald_Julio/googletest-master/build/CMakeFiles/CMakeTmp'
Building C object CMakeFiles/cmTC_351d3.dir/CheckFunctionExists.c.o
/usr/bin/cc    -DCHECK_FUNCTION_EXISTS=pthread_create   -o CMakeFiles/cmTC_351d3.dir/CheckFunctionExists.c.o   -c /usr/share/cmake-3.5/Modules/CheckFunctionExists.c
Linking C executable cmTC_351d3
/usr/bin/cmake -E cmake_link_script CMakeFiles/cmTC_351d3.dir/link.txt --verbose=1
/usr/bin/cc   -DCHECK_FUNCTION_EXISTS=pthread_create    CMakeFiles/cmTC_351d3.dir/CheckFunctionExists.c.o  -o cmTC_351d3 -rdynamic -lpthreads 
/usr/bin/ld: no se puede encontrar -lpthreads
collect2: error: ld returned 1 exit status
CMakeFiles/cmTC_351d3.dir/build.make:97: fallo en las instrucciones para el objetivo 'cmTC_351d3'
make[1]: *** [cmTC_351d3] Error 1
make[1]: se sale del directorio '/home/julio/Documentos/Ronald_Julio/googletest-master/build/CMakeFiles/CMakeTmp'
Makefile:126: fallo en las instrucciones para el objetivo 'cmTC_351d3/fast'
make: *** [cmTC_351d3/fast] Error 2


